<?xml version="1.0" encoding="UTF-8"?>
<testng-results skipped="0" failed="0" total="1" passed="1">
  <reporter-output>
  </reporter-output>
  <suite name="Default suite" duration-ms="1611" started-at="2020-06-19T14:36:41Z" finished-at="2020-06-19T14:36:42Z">
    <groups>
    </groups>
    <test name="Default test" duration-ms="1611" started-at="2020-06-19T14:36:41Z" finished-at="2020-06-19T14:36:42Z">
      <class name="apipakage.GetPublicUsersAuth">
        <test-method status="PASS" signature="getAuth()[pri:0, instance:apipakage.GetPublicUsersAuth@1443d8f]" name="getAuth" duration-ms="1604" started-at="2020-06-19T20:06:41Z" finished-at="2020-06-19T20:06:42Z">
          <reporter-output>
          </reporter-output>
        </test-method> <!-- getAuth -->
      </class> <!-- apipakage.GetPublicUsersAuth -->
    </test> <!-- Default test -->
  </suite> <!-- Default suite -->
</testng-results>
